{
  "RSpec": {
    "coverage": {
      "/Users/davidlawes/Projects/weekend_challenges/instagram-challenge/instagram/app/controllers/pages_controller.rb": [
        1,
        1,
        null,
        null
      ],
      "/Users/davidlawes/Projects/weekend_challenges/instagram-challenge/instagram/app/controllers/application_controller.rb": [
        1,
        1,
        1,
        5,
        null,
        null
      ],
      "/Users/davidlawes/Projects/weekend_challenges/instagram-challenge/instagram/spec/controllers/posts_controller_spec.rb": [
        1,
        null,
        1,
        null,
        null
      ],
      "/Users/davidlawes/Projects/weekend_challenges/instagram-challenge/instagram/app/controllers/posts_controller.rb": [
        1,
        1,
        null,
        null,
        null,
        1,
        null,
        null
      ],
      "/Users/davidlawes/Projects/weekend_challenges/instagram-challenge/instagram/spec/features/user_can_sign_out_spec.rb": [
        1,
        1,
        null,
        1,
        null,
        1,
        1,
        1,
        1,
        1,
        1,
        1,
        null,
        null,
        null
      ],
      "/Users/davidlawes/Projects/weekend_challenges/instagram-challenge/instagram/spec/helpers/user_sign_up.rb": [
        1,
        3,
        3,
        3,
        3,
        3,
        3,
        null
      ],
      "/Users/davidlawes/Projects/weekend_challenges/instagram-challenge/instagram/spec/features/user_can_sign_up_spec.rb": [
        1,
        1,
        null,
        1,
        null,
        1,
        1,
        1,
        1,
        1,
        1,
        1,
        1,
        1,
        1,
        null,
        null,
        1,
        1,
        1,
        null,
        null,
        null
      ],
      "/Users/davidlawes/Projects/weekend_challenges/instagram-challenge/instagram/spec/features/users_can_sign_in_spec.rb": [
        1,
        1,
        null,
        1,
        null,
        1,
        1,
        1,
        1,
        1,
        1,
        1,
        1,
        1,
        1,
        null,
        null,
        null
      ],
      "/Users/davidlawes/Projects/weekend_challenges/instagram-challenge/instagram/spec/helpers/posts_helper_spec.rb": [
        1,
        null,
        null,
        null,
        null,
        null,
        null,
        null,
        null,
        null,
        null,
        null,
        null,
        null,
        null
      ],
      "/Users/davidlawes/Projects/weekend_challenges/instagram-challenge/instagram/spec/models/post_spec.rb": [
        1,
        null,
        null,
        null,
        null
      ]
    },
    "timestamp": 1538214368
  }
}
