{
  "RSpec": {
    "coverage": {
      "/Users/davidlawes/Projects/weekend_challenges/instagram-challenge/instagram/app/controllers/pages_controller.rb": [
        1,
        1,
        null,
        null
      ],
      "/Users/davidlawes/Projects/weekend_challenges/instagram-challenge/instagram/app/controllers/application_controller.rb": [
        1,
        null
      ],
      "/Users/davidlawes/Projects/weekend_challenges/instagram-challenge/instagram/spec/features/user_can_sign_up_spec.rb": [
        1,
        null,
        1,
        null,
        1,
        null,
        null,
        null,
        1,
        1,
        1,
        null,
        null,
        null
      ],
      "/Users/davidlawes/Projects/weekend_challenges/instagram-challenge/instagram/spec/views/pages_home_view_spec.rb": [
        1,
        null,
        1,
        1,
        1,
        null,
        null
      ]
    },
    "timestamp": 1538205059
  }
}
